<?xml version="1.0" encoding="UTF-8"?>
<testng-results ignored="0" total="1" passed="1" failed="0" skipped="0">
  <reporter-output>
  </reporter-output>
  <suite started-at="2021-03-10T10:44:32 IST" name="Default suite" finished-at="2021-03-10T10:44:32 IST" duration-ms="75">
    <groups>
    </groups>
    <test started-at="2021-03-10T10:44:32 IST" name="Default test" finished-at="2021-03-10T10:44:32 IST" duration-ms="75">
      <class name="Selenium.Property">
        <test-method signature="testProperty()[pri:0, instance:Selenium.Property@26e356f0]" started-at="2021-03-10T10:44:32 IST" name="testProperty" finished-at="2021-03-10T10:44:32 IST" duration-ms="19" status="PASS">
          <reporter-output>
          </reporter-output>
        </test-method> <!-- testProperty -->
      </class> <!-- Selenium.Property -->
    </test> <!-- Default test -->
  </suite> <!-- Default suite -->
</testng-results>
